<?xml version="1.0" encoding="UTF-8"?>
<testsuite name="com.kodilla.kodillalibrary.KodillaLibraryApplicationTests" tests="1" skipped="0" failures="0" errors="0" timestamp="2024-03-23T13:45:23" hostname="MICHAL" time="0.132">
  <properties/>
  <testcase name="contextLoads()" classname="com.kodilla.kodillalibrary.KodillaLibraryApplicationTests" time="0.132"/>
  <system-out><![CDATA[14:45:20.066 [Test worker] DEBUG org.springframework.test.context.BootstrapUtils - Instantiating CacheAwareContextLoaderDelegate from class [org.springframework.test.context.cache.DefaultCacheAwareContextLoaderDelegate]
14:45:20.075 [Test worker] DEBUG org.springframework.test.context.BootstrapUtils - Instantiating BootstrapContext using constructor [public org.springframework.test.context.support.DefaultBootstrapContext(java.lang.Class,org.springframework.test.context.CacheAwareContextLoaderDelegate)]
14:45:20.104 [Test worker] DEBUG org.springframework.test.context.BootstrapUtils - Instantiating TestContextBootstrapper for test class [com.kodilla.kodillalibrary.KodillaLibraryApplicationTests] from class [org.springframework.boot.test.context.SpringBootTestContextBootstrapper]
14:45:20.112 [Test worker] INFO org.springframework.boot.test.context.SpringBootTestContextBootstrapper - Neither @ContextConfiguration nor @ContextHierarchy found for test class [com.kodilla.kodillalibrary.KodillaLibraryApplicationTests], using SpringBootContextLoader
14:45:20.115 [Test worker] DEBUG org.springframework.test.context.support.AbstractContextLoader - Did not detect default resource location for test class [com.kodilla.kodillalibrary.KodillaLibraryApplicationTests]: class path resource [com/kodilla/kodillalibrary/KodillaLibraryApplicationTests-context.xml] does not exist
14:45:20.115 [Test worker] DEBUG org.springframework.test.context.support.AbstractContextLoader - Did not detect default resource location for test class [com.kodilla.kodillalibrary.KodillaLibraryApplicationTests]: class path resource [com/kodilla/kodillalibrary/KodillaLibraryApplicationTestsContext.groovy] does not exist
14:45:20.116 [Test worker] INFO org.springframework.test.context.support.AbstractContextLoader - Could not detect default resource locations for test class [com.kodilla.kodillalibrary.KodillaLibraryApplicationTests]: no resource found for suffixes {-context.xml, Context.groovy}.
14:45:20.116 [Test worker] INFO org.springframework.test.context.support.AnnotationConfigContextLoaderUtils - Could not detect default configuration classes for test class [com.kodilla.kodillalibrary.KodillaLibraryApplicationTests]: KodillaLibraryApplicationTests does not declare any static, non-private, non-final, nested classes annotated with @Configuration.
14:45:20.147 [Test worker] DEBUG org.springframework.test.context.support.ActiveProfilesUtils - Could not find an 'annotation declaring class' for annotation type [org.springframework.test.context.ActiveProfiles] and class [com.kodilla.kodillalibrary.KodillaLibraryApplicationTests]
14:45:20.193 [Test worker] DEBUG org.springframework.context.annotation.ClassPathScanningCandidateComponentProvider - Identified candidate component class: file [C:\dev\Library\build\classes\java\main\com\kodilla\kodillalibrary\KodillaLibraryApplication.class]
14:45:20.194 [Test worker] INFO org.springframework.boot.test.context.SpringBootTestContextBootstrapper - Found @SpringBootConfiguration com.kodilla.kodillalibrary.KodillaLibraryApplication for test class com.kodilla.kodillalibrary.KodillaLibraryApplicationTests
14:45:20.267 [Test worker] DEBUG org.springframework.boot.test.context.SpringBootTestContextBootstrapper - @TestExecutionListeners is not present for class [com.kodilla.kodillalibrary.KodillaLibraryApplicationTests]: using defaults.
14:45:20.268 [Test worker] INFO org.springframework.boot.test.context.SpringBootTestContextBootstrapper - Loaded default TestExecutionListener class names from location [META-INF/spring.factories]: [org.springframework.boot.test.autoconfigure.restdocs.RestDocsTestExecutionListener, org.springframework.boot.test.autoconfigure.web.client.MockRestServiceServerResetTestExecutionListener, org.springframework.boot.test.autoconfigure.web.servlet.MockMvcPrintOnlyOnFailureTestExecutionListener, org.springframework.boot.test.autoconfigure.web.servlet.WebDriverTestExecutionListener, org.springframework.boot.test.autoconfigure.webservices.client.MockWebServiceServerTestExecutionListener, org.springframework.boot.test.mock.mockito.MockitoTestExecutionListener, org.springframework.boot.test.mock.mockito.ResetMocksTestExecutionListener, org.springframework.test.context.web.ServletTestExecutionListener, org.springframework.test.context.support.DirtiesContextBeforeModesTestExecutionListener, org.springframework.test.context.event.ApplicationEventsTestExecutionListener, org.springframework.test.context.support.DependencyInjectionTestExecutionListener, org.springframework.test.context.support.DirtiesContextTestExecutionListener, org.springframework.test.context.transaction.TransactionalTestExecutionListener, org.springframework.test.context.jdbc.SqlScriptsTestExecutionListener, org.springframework.test.context.event.EventPublishingTestExecutionListener]
14:45:20.280 [Test worker] INFO org.springframework.boot.test.context.SpringBootTestContextBootstrapper - Using TestExecutionListeners: [org.springframework.test.context.web.ServletTestExecutionListener@2ed3b1f5, org.springframework.test.context.support.DirtiesContextBeforeModesTestExecutionListener@63648ee9, org.springframework.test.context.event.ApplicationEventsTestExecutionListener@68d6972f, org.springframework.boot.test.mock.mockito.MockitoTestExecutionListener@45be7cd5, org.springframework.boot.test.autoconfigure.SpringBootDependencyInjectionTestExecutionListener@7651218e, org.springframework.test.context.support.DirtiesContextTestExecutionListener@3185fa6b, org.springframework.test.context.transaction.TransactionalTestExecutionListener@6d366c9b, org.springframework.test.context.jdbc.SqlScriptsTestExecutionListener@5b58ed3c, org.springframework.test.context.event.EventPublishingTestExecutionListener@24faea88, org.springframework.boot.test.autoconfigure.restdocs.RestDocsTestExecutionListener@3a320ade, org.springframework.boot.test.autoconfigure.web.client.MockRestServiceServerResetTestExecutionListener@64beebb7, org.springframework.boot.test.autoconfigure.web.servlet.MockMvcPrintOnlyOnFailureTestExecutionListener@7813cb11, org.springframework.boot.test.autoconfigure.web.servlet.WebDriverTestExecutionListener@bcec031, org.springframework.boot.test.autoconfigure.webservices.client.MockWebServiceServerTestExecutionListener@21005f6c, org.springframework.boot.test.mock.mockito.ResetMocksTestExecutionListener@32f0fba8]
14:45:20.283 [Test worker] DEBUG org.springframework.test.context.support.AbstractDirtiesContextTestExecutionListener - Before test class: context [DefaultTestContext@43b4fe19 testClass = KodillaLibraryApplicationTests, testInstance = [null], testMethod = [null], testException = [null], mergedContextConfiguration = [WebMergedContextConfiguration@25ddbbbb testClass = KodillaLibraryApplicationTests, locations = '{}', classes = '{class com.kodilla.kodillalibrary.KodillaLibraryApplication}', contextInitializerClasses = '[]', activeProfiles = '{}', propertySourceLocations = '{}', propertySourceProperties = '{org.springframework.boot.test.context.SpringBootTestContextBootstrapper=true}', contextCustomizers = set[org.springframework.boot.test.autoconfigure.actuate.metrics.MetricsExportContextCustomizerFactory$DisableMetricExportContextCustomizer@5443d039, org.springframework.boot.test.autoconfigure.properties.PropertyMappingContextCustomizer@0, org.springframework.boot.test.autoconfigure.web.servlet.WebDriverContextCustomizerFactory$Customizer@2dcd168a, org.springframework.boot.test.context.filter.ExcludeFilterContextCustomizer@531f4093, org.springframework.boot.test.json.DuplicateJsonObjectContextCustomizerFactory$DuplicateJsonObjectContextCustomizer@74f5ce22, org.springframework.boot.test.mock.mockito.MockitoContextCustomizer@0, org.springframework.boot.test.web.client.TestRestTemplateContextCustomizer@4b1d6571, org.springframework.boot.test.context.SpringBootTestArgs@1, org.springframework.boot.test.context.SpringBootTestWebEnvironment@10163d6], resourceBasePath = 'src/main/webapp', contextLoader = 'org.springframework.boot.test.context.SpringBootContextLoader', parent = [null]], attributes = map['org.springframework.test.context.web.ServletTestExecutionListener.activateListener' -> true]], class annotated with @DirtiesContext [false] with mode [null].

  .   ____          _            __ _ _
 /\\ / ___'_ __ _ _(_)_ __  __ _ \ \ \ \
( ( )\___ | '_ | '_| | '_ \/ _` | \ \ \ \
 \\/  ___)| |_)| | | | | || (_| |  ) ) ) )
  '  |____| .__|_| |_|_| |_\__, | / / / /
 =========|_|==============|___/=/_/_/_/
 :: Spring Boot ::                (v2.7.4)

2024-03-23 14:45:20.522  INFO 22124 --- [    Test worker] c.k.k.KodillaLibraryApplicationTests     : Starting KodillaLibraryApplicationTests using Java 17.0.3.1 on Michal with PID 22124 (started by murar in C:\dev\Library)
2024-03-23 14:45:20.523  INFO 22124 --- [    Test worker] c.k.k.KodillaLibraryApplicationTests     : No active profile set, falling back to 1 default profile: "default"
2024-03-23 14:45:21.044  INFO 22124 --- [    Test worker] .s.d.r.c.RepositoryConfigurationDelegate : Bootstrapping Spring Data JPA repositories in DEFAULT mode.
2024-03-23 14:45:21.095  INFO 22124 --- [    Test worker] .s.d.r.c.RepositoryConfigurationDelegate : Finished Spring Data repository scanning in 44 ms. Found 4 JPA repository interfaces.
2024-03-23 14:45:21.527  INFO 22124 --- [    Test worker] o.hibernate.jpa.internal.util.LogHelper  : HHH000204: Processing PersistenceUnitInfo [name: default]
2024-03-23 14:45:21.570  INFO 22124 --- [    Test worker] org.hibernate.Version                    : HHH000412: Hibernate ORM core version 5.6.11.Final
2024-03-23 14:45:21.721  INFO 22124 --- [    Test worker] o.hibernate.annotations.common.Version   : HCANN000001: Hibernate Commons Annotations {5.1.2.Final}
2024-03-23 14:45:21.820  INFO 22124 --- [    Test worker] com.zaxxer.hikari.HikariDataSource       : HikariPool-1 - Starting...
2024-03-23 14:45:21.952  INFO 22124 --- [    Test worker] com.zaxxer.hikari.HikariDataSource       : HikariPool-1 - Start completed.
2024-03-23 14:45:21.961  INFO 22124 --- [    Test worker] org.hibernate.dialect.Dialect            : HHH000400: Using dialect: org.hibernate.dialect.MySQL57Dialect
2024-03-23 14:45:22.515  INFO 22124 --- [    Test worker] o.h.e.t.j.p.i.JtaPlatformInitiator       : HHH000490: Using JtaPlatform implementation: [org.hibernate.engine.transaction.jta.platform.internal.NoJtaPlatform]
2024-03-23 14:45:22.524  INFO 22124 --- [    Test worker] j.LocalContainerEntityManagerFactoryBean : Initialized JPA EntityManagerFactory for persistence unit 'default'
2024-03-23 14:45:23.026  WARN 22124 --- [    Test worker] JpaBaseConfiguration$JpaWebConfiguration : spring.jpa.open-in-view is enabled by default. Therefore, database queries may be performed during view rendering. Explicitly configure spring.jpa.open-in-view to disable this warning
2024-03-23 14:45:23.495  INFO 22124 --- [    Test worker] c.k.k.KodillaLibraryApplicationTests     : Started KodillaLibraryApplicationTests in 3.181 seconds (JVM running for 4.091)
]]></system-out>
  <system-err><![CDATA[]]></system-err>
</testsuite>
