<?xml version="1.0" encoding="UTF-8"?>
<testsuite name="com.kodilla.kodillalibrary.titleTests.H2TitleTestSuite" tests="1" skipped="0" failures="0" errors="0" timestamp="2024-03-23T13:45:24" hostname="MICHAL" time="0.006">
  <properties/>
  <testcase name="TestCreateTitle()" classname="com.kodilla.kodillalibrary.titleTests.H2TitleTestSuite" time="0.006"/>
  <system-out><![CDATA[2024-03-23 14:45:24.898  INFO 22124 --- [    Test worker] .b.t.c.SpringBootTestContextBootstrapper : Neither @ContextConfiguration nor @ContextHierarchy found for test class [com.kodilla.kodillalibrary.titleTests.H2TitleTestSuite], using SpringBootContextLoader
2024-03-23 14:45:24.898  INFO 22124 --- [    Test worker] o.s.t.c.support.AbstractContextLoader    : Could not detect default resource locations for test class [com.kodilla.kodillalibrary.titleTests.H2TitleTestSuite]: no resource found for suffixes {-context.xml, Context.groovy}.
2024-03-23 14:45:24.898  INFO 22124 --- [    Test worker] t.c.s.AnnotationConfigContextLoaderUtils : Could not detect default configuration classes for test class [com.kodilla.kodillalibrary.titleTests.H2TitleTestSuite]: H2TitleTestSuite does not declare any static, non-private, non-final, nested classes annotated with @Configuration.
2024-03-23 14:45:24.901  INFO 22124 --- [    Test worker] .b.t.c.SpringBootTestContextBootstrapper : Found @SpringBootConfiguration com.kodilla.kodillalibrary.KodillaLibraryApplication for test class com.kodilla.kodillalibrary.titleTests.H2TitleTestSuite
2024-03-23 14:45:24.902  INFO 22124 --- [    Test worker] .b.t.c.SpringBootTestContextBootstrapper : Loaded default TestExecutionListener class names from location [META-INF/spring.factories]: [org.springframework.boot.test.autoconfigure.restdocs.RestDocsTestExecutionListener, org.springframework.boot.test.autoconfigure.web.client.MockRestServiceServerResetTestExecutionListener, org.springframework.boot.test.autoconfigure.web.servlet.MockMvcPrintOnlyOnFailureTestExecutionListener, org.springframework.boot.test.autoconfigure.web.servlet.WebDriverTestExecutionListener, org.springframework.boot.test.autoconfigure.webservices.client.MockWebServiceServerTestExecutionListener, org.springframework.boot.test.mock.mockito.MockitoTestExecutionListener, org.springframework.boot.test.mock.mockito.ResetMocksTestExecutionListener, org.springframework.test.context.web.ServletTestExecutionListener, org.springframework.test.context.support.DirtiesContextBeforeModesTestExecutionListener, org.springframework.test.context.event.ApplicationEventsTestExecutionListener, org.springframework.test.context.support.DependencyInjectionTestExecutionListener, org.springframework.test.context.support.DirtiesContextTestExecutionListener, org.springframework.test.context.transaction.TransactionalTestExecutionListener, org.springframework.test.context.jdbc.SqlScriptsTestExecutionListener, org.springframework.test.context.event.EventPublishingTestExecutionListener]
2024-03-23 14:45:24.902  INFO 22124 --- [    Test worker] .b.t.c.SpringBootTestContextBootstrapper : Using TestExecutionListeners: [org.springframework.test.context.web.ServletTestExecutionListener@33ed6546, org.springframework.test.context.support.DirtiesContextBeforeModesTestExecutionListener@54d62c35, org.springframework.test.context.event.ApplicationEventsTestExecutionListener@5eb4b746, org.springframework.boot.test.mock.mockito.MockitoTestExecutionListener@4ed94e6a, org.springframework.boot.test.autoconfigure.SpringBootDependencyInjectionTestExecutionListener@16c6d5a2, org.springframework.test.context.support.DirtiesContextTestExecutionListener@7314f4cb, org.springframework.test.context.transaction.TransactionalTestExecutionListener@8616368, org.springframework.test.context.jdbc.SqlScriptsTestExecutionListener@c4fc610, org.springframework.test.context.event.EventPublishingTestExecutionListener@2c8469fe, org.springframework.boot.test.autoconfigure.restdocs.RestDocsTestExecutionListener@78626209, org.springframework.boot.test.autoconfigure.web.client.MockRestServiceServerResetTestExecutionListener@7b9b244e, org.springframework.boot.test.autoconfigure.web.servlet.MockMvcPrintOnlyOnFailureTestExecutionListener@996126b, org.springframework.boot.test.autoconfigure.web.servlet.WebDriverTestExecutionListener@6d2413e, org.springframework.boot.test.autoconfigure.webservices.client.MockWebServiceServerTestExecutionListener@6d4b09c7, org.springframework.boot.test.mock.mockito.ResetMocksTestExecutionListener@4f50e974]
Hibernate: call next value for hibernate_sequence
Hibernate: insert into title (author, publication_year, title, title_id) values (?, ?, ?, ?)
Hibernate: select title0_.title_id as title_id1_3_0_, title0_.author as author2_3_0_, title0_.publication_year as publicat3_3_0_, title0_.title as title4_3_0_ from title title0_ where title0_.title_id=?
]]></system-out>
  <system-err><![CDATA[]]></system-err>
</testsuite>
