<?xml version="1.0" encoding="UTF-8"?>
<testsuite name="com.kodilla.kodillalibrary.titleTests.TitleTestSuite" tests="1" skipped="0" failures="0" errors="0" timestamp="2024-03-23T13:52:25" hostname="MICHAL" time="1.756">
  <properties/>
  <testcase name="TestCreateTitle()" classname="com.kodilla.kodillalibrary.titleTests.TitleTestSuite" time="1.756"/>
  <system-out><![CDATA[14:52:19.694 [Test worker] DEBUG org.springframework.test.context.BootstrapUtils - Instantiating CacheAwareContextLoaderDelegate from class [org.springframework.test.context.cache.DefaultCacheAwareContextLoaderDelegate]
14:52:19.703 [Test worker] DEBUG org.springframework.test.context.BootstrapUtils - Instantiating BootstrapContext using constructor [public org.springframework.test.context.support.DefaultBootstrapContext(java.lang.Class,org.springframework.test.context.CacheAwareContextLoaderDelegate)]
14:52:19.733 [Test worker] DEBUG org.springframework.test.context.BootstrapUtils - Instantiating TestContextBootstrapper for test class [com.kodilla.kodillalibrary.titleTests.TitleTestSuite] from class [org.springframework.boot.test.context.SpringBootTestContextBootstrapper]
14:52:19.742 [Test worker] INFO org.springframework.boot.test.context.SpringBootTestContextBootstrapper - Neither @ContextConfiguration nor @ContextHierarchy found for test class [com.kodilla.kodillalibrary.titleTests.TitleTestSuite], using SpringBootContextLoader
14:52:19.745 [Test worker] DEBUG org.springframework.test.context.support.AbstractContextLoader - Did not detect default resource location for test class [com.kodilla.kodillalibrary.titleTests.TitleTestSuite]: class path resource [com/kodilla/kodillalibrary/titleTests/TitleTestSuite-context.xml] does not exist
14:52:19.746 [Test worker] DEBUG org.springframework.test.context.support.AbstractContextLoader - Did not detect default resource location for test class [com.kodilla.kodillalibrary.titleTests.TitleTestSuite]: class path resource [com/kodilla/kodillalibrary/titleTests/TitleTestSuiteContext.groovy] does not exist
14:52:19.746 [Test worker] INFO org.springframework.test.context.support.AbstractContextLoader - Could not detect default resource locations for test class [com.kodilla.kodillalibrary.titleTests.TitleTestSuite]: no resource found for suffixes {-context.xml, Context.groovy}.
14:52:19.746 [Test worker] INFO org.springframework.test.context.support.AnnotationConfigContextLoaderUtils - Could not detect default configuration classes for test class [com.kodilla.kodillalibrary.titleTests.TitleTestSuite]: TitleTestSuite does not declare any static, non-private, non-final, nested classes annotated with @Configuration.
14:52:19.776 [Test worker] DEBUG org.springframework.test.context.support.ActiveProfilesUtils - Could not find an 'annotation declaring class' for annotation type [org.springframework.test.context.ActiveProfiles] and class [com.kodilla.kodillalibrary.titleTests.TitleTestSuite]
14:52:19.823 [Test worker] DEBUG org.springframework.context.annotation.ClassPathScanningCandidateComponentProvider - Identified candidate component class: file [C:\dev\Library\build\classes\java\main\com\kodilla\kodillalibrary\KodillaLibraryApplication.class]
14:52:19.824 [Test worker] INFO org.springframework.boot.test.context.SpringBootTestContextBootstrapper - Found @SpringBootConfiguration com.kodilla.kodillalibrary.KodillaLibraryApplication for test class com.kodilla.kodillalibrary.titleTests.TitleTestSuite
14:52:19.898 [Test worker] DEBUG org.springframework.boot.test.context.SpringBootTestContextBootstrapper - @TestExecutionListeners is not present for class [com.kodilla.kodillalibrary.titleTests.TitleTestSuite]: using defaults.
14:52:19.899 [Test worker] INFO org.springframework.boot.test.context.SpringBootTestContextBootstrapper - Loaded default TestExecutionListener class names from location [META-INF/spring.factories]: [org.springframework.boot.test.autoconfigure.restdocs.RestDocsTestExecutionListener, org.springframework.boot.test.autoconfigure.web.client.MockRestServiceServerResetTestExecutionListener, org.springframework.boot.test.autoconfigure.web.servlet.MockMvcPrintOnlyOnFailureTestExecutionListener, org.springframework.boot.test.autoconfigure.web.servlet.WebDriverTestExecutionListener, org.springframework.boot.test.autoconfigure.webservices.client.MockWebServiceServerTestExecutionListener, org.springframework.boot.test.mock.mockito.MockitoTestExecutionListener, org.springframework.boot.test.mock.mockito.ResetMocksTestExecutionListener, org.springframework.test.context.web.ServletTestExecutionListener, org.springframework.test.context.support.DirtiesContextBeforeModesTestExecutionListener, org.springframework.test.context.event.ApplicationEventsTestExecutionListener, org.springframework.test.context.support.DependencyInjectionTestExecutionListener, org.springframework.test.context.support.DirtiesContextTestExecutionListener, org.springframework.test.context.transaction.TransactionalTestExecutionListener, org.springframework.test.context.jdbc.SqlScriptsTestExecutionListener, org.springframework.test.context.event.EventPublishingTestExecutionListener]
14:52:19.911 [Test worker] INFO org.springframework.boot.test.context.SpringBootTestContextBootstrapper - Using TestExecutionListeners: [org.springframework.test.context.web.ServletTestExecutionListener@55795845, org.springframework.test.context.support.DirtiesContextBeforeModesTestExecutionListener@3d08f3f5, org.springframework.test.context.event.ApplicationEventsTestExecutionListener@119f1f2a, org.springframework.boot.test.mock.mockito.MockitoTestExecutionListener@1a1da881, org.springframework.boot.test.autoconfigure.SpringBootDependencyInjectionTestExecutionListener@5b970f7, org.springframework.test.context.support.DirtiesContextTestExecutionListener@7fd4acee, org.springframework.test.context.transaction.TransactionalTestExecutionListener@165b8a71, org.springframework.test.context.jdbc.SqlScriptsTestExecutionListener@6175619b, org.springframework.test.context.event.EventPublishingTestExecutionListener@2f058b8a, org.springframework.boot.test.autoconfigure.restdocs.RestDocsTestExecutionListener@756cf158, org.springframework.boot.test.autoconfigure.web.client.MockRestServiceServerResetTestExecutionListener@3f2ef586, org.springframework.boot.test.autoconfigure.web.servlet.MockMvcPrintOnlyOnFailureTestExecutionListener@751d3241, org.springframework.boot.test.autoconfigure.web.servlet.WebDriverTestExecutionListener@76c7beb3, org.springframework.boot.test.autoconfigure.webservices.client.MockWebServiceServerTestExecutionListener@64337702, org.springframework.boot.test.mock.mockito.ResetMocksTestExecutionListener@2cf92cc7]
14:52:19.915 [Test worker] DEBUG org.springframework.test.context.support.AbstractDirtiesContextTestExecutionListener - Before test class: context [DefaultTestContext@3e2943ab testClass = TitleTestSuite, testInstance = [null], testMethod = [null], testException = [null], mergedContextConfiguration = [WebMergedContextConfiguration@70dd7e15 testClass = TitleTestSuite, locations = '{}', classes = '{class com.kodilla.kodillalibrary.KodillaLibraryApplication}', contextInitializerClasses = '[]', activeProfiles = '{}', propertySourceLocations = '{}', propertySourceProperties = '{org.springframework.boot.test.context.SpringBootTestContextBootstrapper=true}', contextCustomizers = set[org.springframework.boot.test.autoconfigure.actuate.metrics.MetricsExportContextCustomizerFactory$DisableMetricExportContextCustomizer@51acdf2e, org.springframework.boot.test.autoconfigure.properties.PropertyMappingContextCustomizer@0, org.springframework.boot.test.autoconfigure.web.servlet.WebDriverContextCustomizerFactory$Customizer@4748a0f9, org.springframework.boot.test.context.filter.ExcludeFilterContextCustomizer@77d67cf3, org.springframework.boot.test.json.DuplicateJsonObjectContextCustomizerFactory$DuplicateJsonObjectContextCustomizer@5d12a356, org.springframework.boot.test.mock.mockito.MockitoContextCustomizer@0, org.springframework.boot.test.web.client.TestRestTemplateContextCustomizer@77258e59, org.springframework.boot.test.context.SpringBootTestArgs@1, org.springframework.boot.test.context.SpringBootTestWebEnvironment@fba92d3], resourceBasePath = 'src/main/webapp', contextLoader = 'org.springframework.boot.test.context.SpringBootContextLoader', parent = [null]], attributes = map['org.springframework.test.context.web.ServletTestExecutionListener.activateListener' -> true]], class annotated with @DirtiesContext [false] with mode [null].

  .   ____          _            __ _ _
 /\\ / ___'_ __ _ _(_)_ __  __ _ \ \ \ \
( ( )\___ | '_ | '_| | '_ \/ _` | \ \ \ \
 \\/  ___)| |_)| | | | | || (_| |  ) ) ) )
  '  |____| .__|_| |_|_| |_\__, | / / / /
 =========|_|==============|___/=/_/_/_/
 :: Spring Boot ::                (v2.7.4)

2024-03-23 14:52:20.146  INFO 22032 --- [    Test worker] c.k.k.titleTests.TitleTestSuite          : Starting TitleTestSuite using Java 17.0.3.1 on Michal with PID 22032 (started by murar in C:\dev\Library)
2024-03-23 14:52:20.147  INFO 22032 --- [    Test worker] c.k.k.titleTests.TitleTestSuite          : No active profile set, falling back to 1 default profile: "default"
2024-03-23 14:52:20.680  INFO 22032 --- [    Test worker] .s.d.r.c.RepositoryConfigurationDelegate : Bootstrapping Spring Data JPA repositories in DEFAULT mode.
2024-03-23 14:52:20.733  INFO 22032 --- [    Test worker] .s.d.r.c.RepositoryConfigurationDelegate : Finished Spring Data repository scanning in 44 ms. Found 4 JPA repository interfaces.
2024-03-23 14:52:21.180  INFO 22032 --- [    Test worker] o.hibernate.jpa.internal.util.LogHelper  : HHH000204: Processing PersistenceUnitInfo [name: default]
2024-03-23 14:52:21.219  INFO 22032 --- [    Test worker] org.hibernate.Version                    : HHH000412: Hibernate ORM core version 5.6.11.Final
2024-03-23 14:52:21.359  INFO 22032 --- [    Test worker] o.hibernate.annotations.common.Version   : HCANN000001: Hibernate Commons Annotations {5.1.2.Final}
2024-03-23 14:52:21.466  INFO 22032 --- [    Test worker] com.zaxxer.hikari.HikariDataSource       : HikariPool-1 - Starting...
2024-03-23 14:52:22.274  INFO 22032 --- [    Test worker] com.zaxxer.hikari.HikariDataSource       : HikariPool-1 - Start completed.
2024-03-23 14:52:22.285  INFO 22032 --- [    Test worker] org.hibernate.dialect.Dialect            : HHH000400: Using dialect: org.hibernate.dialect.MySQL57Dialect
Hibernate: create table book (book_id bigint not null, status integer not null, title_id bigint, primary key (book_id)) engine=InnoDB
Hibernate: create table hibernate_sequence (next_val bigint) engine=InnoDB
Hibernate: insert into hibernate_sequence values ( 1 )
Hibernate: create table hire (hire_id bigint not null, rented date, returned date, book_id bigint, reader_id bigint, primary key (hire_id)) engine=InnoDB
Hibernate: create table reader (reader_id bigint not null, created datetime(6) not null, lastname varchar(255) not null, name varchar(255) not null, nickname varchar(255) not null, primary key (reader_id)) engine=InnoDB
Hibernate: create table title (title_id bigint not null, author varchar(255) not null, publication_year date not null, title varchar(255) not null, primary key (title_id)) engine=InnoDB
Hibernate: alter table book add constraint FKjkumnt1blnm0ly9na1gd9rqog foreign key (title_id) references title (title_id)
Hibernate: alter table hire add constraint FK3umt5olfgukim9logv7lglaft foreign key (book_id) references book (book_id)
Hibernate: alter table hire add constraint FKfnexmmxgfeu36a6ppndeqnv6r foreign key (reader_id) references reader (reader_id)
2024-03-23 14:52:24.399  INFO 22032 --- [    Test worker] o.h.e.t.j.p.i.JtaPlatformInitiator       : HHH000490: Using JtaPlatform implementation: [org.hibernate.engine.transaction.jta.platform.internal.NoJtaPlatform]
2024-03-23 14:52:24.407  INFO 22032 --- [    Test worker] j.LocalContainerEntityManagerFactoryBean : Initialized JPA EntityManagerFactory for persistence unit 'default'
2024-03-23 14:52:24.963  WARN 22032 --- [    Test worker] JpaBaseConfiguration$JpaWebConfiguration : spring.jpa.open-in-view is enabled by default. Therefore, database queries may be performed during view rendering. Explicitly configure spring.jpa.open-in-view to disable this warning
2024-03-23 14:52:25.438  INFO 22032 --- [    Test worker] c.k.k.titleTests.TitleTestSuite          : Started TitleTestSuite in 5.492 seconds (JVM running for 6.38)
Hibernate: select next_val as id_val from hibernate_sequence for update
Hibernate: update hibernate_sequence set next_val= ? where next_val=?
Hibernate: insert into title (author, publication_year, title, title_id) values (?, ?, ?, ?)
Hibernate: select title0_.title_id as title_id1_3_0_, title0_.author as author2_3_0_, title0_.publication_year as publicat3_3_0_, title0_.title as title4_3_0_ from title title0_ where title0_.title_id=?
Hibernate: select title0_.title_id as title_id1_3_0_, title0_.author as author2_3_0_, title0_.publication_year as publicat3_3_0_, title0_.title as title4_3_0_ from title title0_ where title0_.title_id=?
Hibernate: select books0_.title_id as title_id3_0_0_, books0_.book_id as book_id1_0_0_, books0_.book_id as book_id1_0_1_, books0_.status as status2_0_1_, books0_.title_id as title_id3_0_1_ from book books0_ where books0_.title_id=?
Hibernate: delete from title where title_id=?
]]></system-out>
  <system-err><![CDATA[]]></system-err>
</testsuite>
