<?xml version="1.0" encoding="UTF-8"?>
<testsuite name="com.kodilla.kodillalibrary.readerTests.ReaderTestSuite" tests="1" skipped="0" failures="0" errors="0" timestamp="2024-03-23T13:45:24" hostname="MICHAL" time="0.008">
  <properties/>
  <testcase name="TestCreateReader()" classname="com.kodilla.kodillalibrary.readerTests.ReaderTestSuite" time="0.008"/>
  <system-out><![CDATA[2024-03-23 14:45:24.884  INFO 22124 --- [    Test worker] .b.t.c.SpringBootTestContextBootstrapper : Neither @ContextConfiguration nor @ContextHierarchy found for test class [com.kodilla.kodillalibrary.readerTests.ReaderTestSuite], using SpringBootContextLoader
2024-03-23 14:45:24.885  INFO 22124 --- [    Test worker] o.s.t.c.support.AbstractContextLoader    : Could not detect default resource locations for test class [com.kodilla.kodillalibrary.readerTests.ReaderTestSuite]: no resource found for suffixes {-context.xml, Context.groovy}.
2024-03-23 14:45:24.885  INFO 22124 --- [    Test worker] t.c.s.AnnotationConfigContextLoaderUtils : Could not detect default configuration classes for test class [com.kodilla.kodillalibrary.readerTests.ReaderTestSuite]: ReaderTestSuite does not declare any static, non-private, non-final, nested classes annotated with @Configuration.
2024-03-23 14:45:24.886  INFO 22124 --- [    Test worker] .b.t.c.SpringBootTestContextBootstrapper : Found @SpringBootConfiguration com.kodilla.kodillalibrary.KodillaLibraryApplication for test class com.kodilla.kodillalibrary.readerTests.ReaderTestSuite
2024-03-23 14:45:24.886  INFO 22124 --- [    Test worker] .b.t.c.SpringBootTestContextBootstrapper : Loaded default TestExecutionListener class names from location [META-INF/spring.factories]: [org.springframework.boot.test.autoconfigure.restdocs.RestDocsTestExecutionListener, org.springframework.boot.test.autoconfigure.web.client.MockRestServiceServerResetTestExecutionListener, org.springframework.boot.test.autoconfigure.web.servlet.MockMvcPrintOnlyOnFailureTestExecutionListener, org.springframework.boot.test.autoconfigure.web.servlet.WebDriverTestExecutionListener, org.springframework.boot.test.autoconfigure.webservices.client.MockWebServiceServerTestExecutionListener, org.springframework.boot.test.mock.mockito.MockitoTestExecutionListener, org.springframework.boot.test.mock.mockito.ResetMocksTestExecutionListener, org.springframework.test.context.web.ServletTestExecutionListener, org.springframework.test.context.support.DirtiesContextBeforeModesTestExecutionListener, org.springframework.test.context.event.ApplicationEventsTestExecutionListener, org.springframework.test.context.support.DependencyInjectionTestExecutionListener, org.springframework.test.context.support.DirtiesContextTestExecutionListener, org.springframework.test.context.transaction.TransactionalTestExecutionListener, org.springframework.test.context.jdbc.SqlScriptsTestExecutionListener, org.springframework.test.context.event.EventPublishingTestExecutionListener]
2024-03-23 14:45:24.886  INFO 22124 --- [    Test worker] .b.t.c.SpringBootTestContextBootstrapper : Using TestExecutionListeners: [org.springframework.test.context.web.ServletTestExecutionListener@1d09fb8e, org.springframework.test.context.support.DirtiesContextBeforeModesTestExecutionListener@10bae3c0, org.springframework.test.context.event.ApplicationEventsTestExecutionListener@6dae5562, org.springframework.boot.test.mock.mockito.MockitoTestExecutionListener@1cc5d8a9, org.springframework.boot.test.autoconfigure.SpringBootDependencyInjectionTestExecutionListener@4ec28534, org.springframework.test.context.support.DirtiesContextTestExecutionListener@921dbcf, org.springframework.test.context.transaction.TransactionalTestExecutionListener@163b8acc, org.springframework.test.context.jdbc.SqlScriptsTestExecutionListener@24090832, org.springframework.test.context.event.EventPublishingTestExecutionListener@7e38d2a2, org.springframework.boot.test.autoconfigure.restdocs.RestDocsTestExecutionListener@79408109, org.springframework.boot.test.autoconfigure.web.client.MockRestServiceServerResetTestExecutionListener@33671907, org.springframework.boot.test.autoconfigure.web.servlet.MockMvcPrintOnlyOnFailureTestExecutionListener@5fc3dfc1, org.springframework.boot.test.autoconfigure.web.servlet.WebDriverTestExecutionListener@67d6bb59, org.springframework.boot.test.autoconfigure.webservices.client.MockWebServiceServerTestExecutionListener@1a632663, org.springframework.boot.test.mock.mockito.ResetMocksTestExecutionListener@1147ab09]
2024-03-23 14:45:24.889  INFO 22124 --- [    Test worker] o.s.t.c.transaction.TransactionContext   : Began transaction (1) for test context [DefaultTestContext@136480b testClass = ReaderTestSuite, testInstance = com.kodilla.kodillalibrary.readerTests.ReaderTestSuite@2d85a4c7, testMethod = TestCreateReader@ReaderTestSuite, testException = [null], mergedContextConfiguration = [WebMergedContextConfiguration@272de8ab testClass = ReaderTestSuite, locations = '{}', classes = '{class com.kodilla.kodillalibrary.KodillaLibraryApplication}', contextInitializerClasses = '[]', activeProfiles = '{}', propertySourceLocations = '{}', propertySourceProperties = '{org.springframework.boot.test.context.SpringBootTestContextBootstrapper=true}', contextCustomizers = set[org.springframework.boot.test.autoconfigure.actuate.metrics.MetricsExportContextCustomizerFactory$DisableMetricExportContextCustomizer@5443d039, org.springframework.boot.test.autoconfigure.properties.PropertyMappingContextCustomizer@0, org.springframework.boot.test.autoconfigure.web.servlet.WebDriverContextCustomizerFactory$Customizer@2dcd168a, org.springframework.boot.test.context.filter.ExcludeFilterContextCustomizer@531f4093, org.springframework.boot.test.json.DuplicateJsonObjectContextCustomizerFactory$DuplicateJsonObjectContextCustomizer@74f5ce22, org.springframework.boot.test.mock.mockito.MockitoContextCustomizer@0, org.springframework.boot.test.web.client.TestRestTemplateContextCustomizer@4b1d6571, org.springframework.boot.test.context.SpringBootTestArgs@1, org.springframework.boot.test.context.SpringBootTestWebEnvironment@10163d6], resourceBasePath = 'src/main/webapp', contextLoader = 'org.springframework.boot.test.context.SpringBootContextLoader', parent = [null]], attributes = map['org.springframework.test.context.web.ServletTestExecutionListener.activateListener' -> true, 'org.springframework.test.context.web.ServletTestExecutionListener.populatedRequestContextHolder' -> true, 'org.springframework.test.context.web.ServletTestExecutionListener.resetRequestContextHolder' -> true, 'org.springframework.test.context.event.ApplicationEventsTestExecutionListener.recordApplicationEvents' -> false]]; transaction manager [org.springframework.orm.jpa.JpaTransactionManager@360d3f47]; rollback [true]
Hibernate: select next_val as id_val from hibernate_sequence for update
Hibernate: update hibernate_sequence set next_val= ? where next_val=?
2024-03-23 14:45:24.896  INFO 22124 --- [    Test worker] o.s.t.c.transaction.TransactionContext   : Rolled back transaction for test: [DefaultTestContext@136480b testClass = ReaderTestSuite, testInstance = com.kodilla.kodillalibrary.readerTests.ReaderTestSuite@2d85a4c7, testMethod = TestCreateReader@ReaderTestSuite, testException = [null], mergedContextConfiguration = [WebMergedContextConfiguration@272de8ab testClass = ReaderTestSuite, locations = '{}', classes = '{class com.kodilla.kodillalibrary.KodillaLibraryApplication}', contextInitializerClasses = '[]', activeProfiles = '{}', propertySourceLocations = '{}', propertySourceProperties = '{org.springframework.boot.test.context.SpringBootTestContextBootstrapper=true}', contextCustomizers = set[org.springframework.boot.test.autoconfigure.actuate.metrics.MetricsExportContextCustomizerFactory$DisableMetricExportContextCustomizer@5443d039, org.springframework.boot.test.autoconfigure.properties.PropertyMappingContextCustomizer@0, org.springframework.boot.test.autoconfigure.web.servlet.WebDriverContextCustomizerFactory$Customizer@2dcd168a, org.springframework.boot.test.context.filter.ExcludeFilterContextCustomizer@531f4093, org.springframework.boot.test.json.DuplicateJsonObjectContextCustomizerFactory$DuplicateJsonObjectContextCustomizer@74f5ce22, org.springframework.boot.test.mock.mockito.MockitoContextCustomizer@0, org.springframework.boot.test.web.client.TestRestTemplateContextCustomizer@4b1d6571, org.springframework.boot.test.context.SpringBootTestArgs@1, org.springframework.boot.test.context.SpringBootTestWebEnvironment@10163d6], resourceBasePath = 'src/main/webapp', contextLoader = 'org.springframework.boot.test.context.SpringBootContextLoader', parent = [null]], attributes = map['org.springframework.test.context.web.ServletTestExecutionListener.activateListener' -> true, 'org.springframework.test.context.web.ServletTestExecutionListener.populatedRequestContextHolder' -> true, 'org.springframework.test.context.web.ServletTestExecutionListener.resetRequestContextHolder' -> true, 'org.springframework.test.context.event.ApplicationEventsTestExecutionListener.recordApplicationEvents' -> false]]
]]></system-out>
  <system-err><![CDATA[]]></system-err>
</testsuite>
