<?xml version="1.0" encoding="UTF-8"?>
<testsuite name="com.kodilla.kodillalibrary.titleTests.TitleTestSuite" tests="1" skipped="0" failures="0" errors="0" timestamp="2024-03-23T13:45:24" hostname="MICHAL" time="0.016">
  <properties/>
  <testcase name="TestCreateTitle()" classname="com.kodilla.kodillalibrary.titleTests.TitleTestSuite" time="0.016"/>
  <system-out><![CDATA[2024-03-23 14:45:24.911  INFO 22124 --- [    Test worker] .b.t.c.SpringBootTestContextBootstrapper : Neither @ContextConfiguration nor @ContextHierarchy found for test class [com.kodilla.kodillalibrary.titleTests.TitleTestSuite], using SpringBootContextLoader
2024-03-23 14:45:24.911  INFO 22124 --- [    Test worker] o.s.t.c.support.AbstractContextLoader    : Could not detect default resource locations for test class [com.kodilla.kodillalibrary.titleTests.TitleTestSuite]: no resource found for suffixes {-context.xml, Context.groovy}.
2024-03-23 14:45:24.911  INFO 22124 --- [    Test worker] t.c.s.AnnotationConfigContextLoaderUtils : Could not detect default configuration classes for test class [com.kodilla.kodillalibrary.titleTests.TitleTestSuite]: TitleTestSuite does not declare any static, non-private, non-final, nested classes annotated with @Configuration.
2024-03-23 14:45:24.912  INFO 22124 --- [    Test worker] .b.t.c.SpringBootTestContextBootstrapper : Found @SpringBootConfiguration com.kodilla.kodillalibrary.KodillaLibraryApplication for test class com.kodilla.kodillalibrary.titleTests.TitleTestSuite
2024-03-23 14:45:24.913  INFO 22124 --- [    Test worker] .b.t.c.SpringBootTestContextBootstrapper : Loaded default TestExecutionListener class names from location [META-INF/spring.factories]: [org.springframework.boot.test.autoconfigure.restdocs.RestDocsTestExecutionListener, org.springframework.boot.test.autoconfigure.web.client.MockRestServiceServerResetTestExecutionListener, org.springframework.boot.test.autoconfigure.web.servlet.MockMvcPrintOnlyOnFailureTestExecutionListener, org.springframework.boot.test.autoconfigure.web.servlet.WebDriverTestExecutionListener, org.springframework.boot.test.autoconfigure.webservices.client.MockWebServiceServerTestExecutionListener, org.springframework.boot.test.mock.mockito.MockitoTestExecutionListener, org.springframework.boot.test.mock.mockito.ResetMocksTestExecutionListener, org.springframework.test.context.web.ServletTestExecutionListener, org.springframework.test.context.support.DirtiesContextBeforeModesTestExecutionListener, org.springframework.test.context.event.ApplicationEventsTestExecutionListener, org.springframework.test.context.support.DependencyInjectionTestExecutionListener, org.springframework.test.context.support.DirtiesContextTestExecutionListener, org.springframework.test.context.transaction.TransactionalTestExecutionListener, org.springframework.test.context.jdbc.SqlScriptsTestExecutionListener, org.springframework.test.context.event.EventPublishingTestExecutionListener]
2024-03-23 14:45:24.913  INFO 22124 --- [    Test worker] .b.t.c.SpringBootTestContextBootstrapper : Using TestExecutionListeners: [org.springframework.test.context.web.ServletTestExecutionListener@6f5df147, org.springframework.test.context.support.DirtiesContextBeforeModesTestExecutionListener@7725470b, org.springframework.test.context.event.ApplicationEventsTestExecutionListener@8947a4b, org.springframework.boot.test.mock.mockito.MockitoTestExecutionListener@318155b1, org.springframework.boot.test.autoconfigure.SpringBootDependencyInjectionTestExecutionListener@31d64d0f, org.springframework.test.context.support.DirtiesContextTestExecutionListener@6c165921, org.springframework.test.context.transaction.TransactionalTestExecutionListener@47fb30ca, org.springframework.test.context.jdbc.SqlScriptsTestExecutionListener@7cecd959, org.springframework.test.context.event.EventPublishingTestExecutionListener@7f514dfe, org.springframework.boot.test.autoconfigure.restdocs.RestDocsTestExecutionListener@2150dc64, org.springframework.boot.test.autoconfigure.web.client.MockRestServiceServerResetTestExecutionListener@3f33c5e4, org.springframework.boot.test.autoconfigure.web.servlet.MockMvcPrintOnlyOnFailureTestExecutionListener@258ff54a, org.springframework.boot.test.autoconfigure.web.servlet.WebDriverTestExecutionListener@50c462b8, org.springframework.boot.test.autoconfigure.webservices.client.MockWebServiceServerTestExecutionListener@77d03738, org.springframework.boot.test.mock.mockito.ResetMocksTestExecutionListener@566dc0c3]
Hibernate: select next_val as id_val from hibernate_sequence for update
Hibernate: update hibernate_sequence set next_val= ? where next_val=?
Hibernate: insert into title (author, publication_year, title, title_id) values (?, ?, ?, ?)
Hibernate: select title0_.title_id as title_id1_3_0_, title0_.author as author2_3_0_, title0_.publication_year as publicat3_3_0_, title0_.title as title4_3_0_ from title title0_ where title0_.title_id=?
Hibernate: select title0_.title_id as title_id1_3_0_, title0_.author as author2_3_0_, title0_.publication_year as publicat3_3_0_, title0_.title as title4_3_0_ from title title0_ where title0_.title_id=?
Hibernate: select books0_.title_id as title_id3_0_0_, books0_.book_id as book_id1_0_0_, books0_.book_id as book_id1_0_1_, books0_.status as status2_0_1_, books0_.title_id as title_id3_0_1_ from book books0_ where books0_.title_id=?
Hibernate: delete from title where title_id=?
]]></system-out>
  <system-err><![CDATA[]]></system-err>
</testsuite>
