<?xml version="1.0" encoding="UTF-8"?>
<testsuite name="com.kodilla.kodillalibrary.bookTests.BookTestSuite" tests="3" skipped="0" failures="0" errors="0" timestamp="2024-03-23T13:45:23" hostname="MICHAL" time="0.277">
  <properties/>
  <testcase name="testBookSave()" classname="com.kodilla.kodillalibrary.bookTests.BookTestSuite" time="0.142"/>
  <testcase name="testForChangeStatus()" classname="com.kodilla.kodillalibrary.bookTests.BookTestSuite" time="0.036"/>
  <testcase name="testHowManyBooks()" classname="com.kodilla.kodillalibrary.bookTests.BookTestSuite" time="0.097"/>
  <system-out><![CDATA[2024-03-23 14:45:23.647  INFO 22124 --- [    Test worker] .b.t.c.SpringBootTestContextBootstrapper : Neither @ContextConfiguration nor @ContextHierarchy found for test class [com.kodilla.kodillalibrary.bookTests.BookTestSuite], using SpringBootContextLoader
2024-03-23 14:45:23.647  INFO 22124 --- [    Test worker] o.s.t.c.support.AbstractContextLoader    : Could not detect default resource locations for test class [com.kodilla.kodillalibrary.bookTests.BookTestSuite]: no resource found for suffixes {-context.xml, Context.groovy}.
2024-03-23 14:45:23.647  INFO 22124 --- [    Test worker] t.c.s.AnnotationConfigContextLoaderUtils : Could not detect default configuration classes for test class [com.kodilla.kodillalibrary.bookTests.BookTestSuite]: BookTestSuite does not declare any static, non-private, non-final, nested classes annotated with @Configuration.
2024-03-23 14:45:23.651  INFO 22124 --- [    Test worker] .b.t.c.SpringBootTestContextBootstrapper : Found @SpringBootConfiguration com.kodilla.kodillalibrary.KodillaLibraryApplication for test class com.kodilla.kodillalibrary.bookTests.BookTestSuite
2024-03-23 14:45:23.652  INFO 22124 --- [    Test worker] .b.t.c.SpringBootTestContextBootstrapper : Loaded default TestExecutionListener class names from location [META-INF/spring.factories]: [org.springframework.boot.test.autoconfigure.restdocs.RestDocsTestExecutionListener, org.springframework.boot.test.autoconfigure.web.client.MockRestServiceServerResetTestExecutionListener, org.springframework.boot.test.autoconfigure.web.servlet.MockMvcPrintOnlyOnFailureTestExecutionListener, org.springframework.boot.test.autoconfigure.web.servlet.WebDriverTestExecutionListener, org.springframework.boot.test.autoconfigure.webservices.client.MockWebServiceServerTestExecutionListener, org.springframework.boot.test.mock.mockito.MockitoTestExecutionListener, org.springframework.boot.test.mock.mockito.ResetMocksTestExecutionListener, org.springframework.test.context.web.ServletTestExecutionListener, org.springframework.test.context.support.DirtiesContextBeforeModesTestExecutionListener, org.springframework.test.context.event.ApplicationEventsTestExecutionListener, org.springframework.test.context.support.DependencyInjectionTestExecutionListener, org.springframework.test.context.support.DirtiesContextTestExecutionListener, org.springframework.test.context.transaction.TransactionalTestExecutionListener, org.springframework.test.context.jdbc.SqlScriptsTestExecutionListener, org.springframework.test.context.event.EventPublishingTestExecutionListener]
2024-03-23 14:45:23.653  INFO 22124 --- [    Test worker] .b.t.c.SpringBootTestContextBootstrapper : Using TestExecutionListeners: [org.springframework.test.context.web.ServletTestExecutionListener@1bca9b64, org.springframework.test.context.support.DirtiesContextBeforeModesTestExecutionListener@3a61d819, org.springframework.test.context.event.ApplicationEventsTestExecutionListener@508abc74, org.springframework.boot.test.mock.mockito.MockitoTestExecutionListener@77b01226, org.springframework.boot.test.autoconfigure.SpringBootDependencyInjectionTestExecutionListener@386ea60f, org.springframework.test.context.support.DirtiesContextTestExecutionListener@c7b100b, org.springframework.test.context.transaction.TransactionalTestExecutionListener@99774ec, org.springframework.test.context.jdbc.SqlScriptsTestExecutionListener@7ec176da, org.springframework.test.context.event.EventPublishingTestExecutionListener@33d2f9d3, org.springframework.boot.test.autoconfigure.restdocs.RestDocsTestExecutionListener@677d4cea, org.springframework.boot.test.autoconfigure.web.client.MockRestServiceServerResetTestExecutionListener@55ff64fd, org.springframework.boot.test.autoconfigure.web.servlet.MockMvcPrintOnlyOnFailureTestExecutionListener@20fdaf3e, org.springframework.boot.test.autoconfigure.web.servlet.WebDriverTestExecutionListener@445c693, org.springframework.boot.test.autoconfigure.webservices.client.MockWebServiceServerTestExecutionListener@9d2c0ed, org.springframework.boot.test.mock.mockito.ResetMocksTestExecutionListener@272485a6]
Hibernate: select next_val as id_val from hibernate_sequence for update
Hibernate: update hibernate_sequence set next_val= ? where next_val=?
Hibernate: insert into title (author, publication_year, title, title_id) values (?, ?, ?, ?)
Hibernate: select next_val as id_val from hibernate_sequence for update
Hibernate: update hibernate_sequence set next_val= ? where next_val=?
Hibernate: insert into book (status, title_id, book_id) values (?, ?, ?)
Hibernate: select book0_.book_id as book_id1_0_0_, book0_.status as status2_0_0_, book0_.title_id as title_id3_0_0_, title1_.title_id as title_id1_3_1_, title1_.author as author2_3_1_, title1_.publication_year as publicat3_3_1_, title1_.title as title4_3_1_ from book book0_ left outer join title title1_ on book0_.title_id=title1_.title_id where book0_.book_id=?
Hibernate: select hire0_.reader_id as reader_i5_1_0_, hire0_.hire_id as hire_id1_1_0_, hire0_.hire_id as hire_id1_1_1_, hire0_.book_id as book_id4_1_1_, hire0_.reader_id as reader_i5_1_1_, hire0_.rented as rented2_1_1_, hire0_.returned as returned3_1_1_, book1_.book_id as book_id1_0_2_, book1_.status as status2_0_2_, book1_.title_id as title_id3_0_2_, title2_.title_id as title_id1_3_3_, title2_.author as author2_3_3_, title2_.publication_year as publicat3_3_3_, title2_.title as title4_3_3_ from hire hire0_ left outer join book book1_ on hire0_.book_id=book1_.book_id left outer join title title2_ on book1_.title_id=title2_.title_id where hire0_.reader_id=?
Hibernate: delete from book where book_id=?
Hibernate: select title0_.title_id as title_id1_3_0_, title0_.author as author2_3_0_, title0_.publication_year as publicat3_3_0_, title0_.title as title4_3_0_ from title title0_ where title0_.title_id=?
Hibernate: select books0_.title_id as title_id3_0_0_, books0_.book_id as book_id1_0_0_, books0_.book_id as book_id1_0_1_, books0_.status as status2_0_1_, books0_.title_id as title_id3_0_1_ from book books0_ where books0_.title_id=?
Hibernate: delete from title where title_id=?
Hibernate: select next_val as id_val from hibernate_sequence for update
Hibernate: update hibernate_sequence set next_val= ? where next_val=?
Hibernate: insert into title (author, publication_year, title, title_id) values (?, ?, ?, ?)
Hibernate: select next_val as id_val from hibernate_sequence for update
Hibernate: update hibernate_sequence set next_val= ? where next_val=?
Hibernate: insert into book (status, title_id, book_id) values (?, ?, ?)
Hibernate: select book0_.book_id as book_id1_0_0_, book0_.status as status2_0_0_, book0_.title_id as title_id3_0_0_, title1_.title_id as title_id1_3_1_, title1_.author as author2_3_1_, title1_.publication_year as publicat3_3_1_, title1_.title as title4_3_1_ from book book0_ left outer join title title1_ on book0_.title_id=title1_.title_id where book0_.book_id=?
Hibernate: select book0_.book_id as book_id1_0_1_, book0_.status as status2_0_1_, book0_.title_id as title_id3_0_1_, hire1_.reader_id as reader_i5_1_3_, hire1_.hire_id as hire_id1_1_3_, hire1_.hire_id as hire_id1_1_0_, hire1_.book_id as book_id4_1_0_, hire1_.reader_id as reader_i5_1_0_, hire1_.rented as rented2_1_0_, hire1_.returned as returned3_1_0_ from book book0_ left outer join hire hire1_ on book0_.book_id=hire1_.reader_id where book0_.book_id=?
Hibernate: select title0_.title_id as title_id1_3_1_, title0_.author as author2_3_1_, title0_.publication_year as publicat3_3_1_, title0_.title as title4_3_1_, books1_.title_id as title_id3_0_3_, books1_.book_id as book_id1_0_3_, books1_.book_id as book_id1_0_0_, books1_.status as status2_0_0_, books1_.title_id as title_id3_0_0_ from title title0_ left outer join book books1_ on title0_.title_id=books1_.title_id where title0_.title_id=?
Hibernate: update book set status=?, title_id=? where book_id=?
Hibernate: select book0_.book_id as book_id1_0_0_, book0_.status as status2_0_0_, book0_.title_id as title_id3_0_0_, title1_.title_id as title_id1_3_1_, title1_.author as author2_3_1_, title1_.publication_year as publicat3_3_1_, title1_.title as title4_3_1_ from book book0_ left outer join title title1_ on book0_.title_id=title1_.title_id where book0_.book_id=?
Hibernate: select book0_.book_id as book_id1_0_0_, book0_.status as status2_0_0_, book0_.title_id as title_id3_0_0_, title1_.title_id as title_id1_3_1_, title1_.author as author2_3_1_, title1_.publication_year as publicat3_3_1_, title1_.title as title4_3_1_ from book book0_ left outer join title title1_ on book0_.title_id=title1_.title_id where book0_.book_id=?
Hibernate: select hire0_.reader_id as reader_i5_1_0_, hire0_.hire_id as hire_id1_1_0_, hire0_.hire_id as hire_id1_1_1_, hire0_.book_id as book_id4_1_1_, hire0_.reader_id as reader_i5_1_1_, hire0_.rented as rented2_1_1_, hire0_.returned as returned3_1_1_, book1_.book_id as book_id1_0_2_, book1_.status as status2_0_2_, book1_.title_id as title_id3_0_2_, title2_.title_id as title_id1_3_3_, title2_.author as author2_3_3_, title2_.publication_year as publicat3_3_3_, title2_.title as title4_3_3_ from hire hire0_ left outer join book book1_ on hire0_.book_id=book1_.book_id left outer join title title2_ on book1_.title_id=title2_.title_id where hire0_.reader_id=?
Hibernate: delete from book where book_id=?
Hibernate: select title0_.title_id as title_id1_3_0_, title0_.author as author2_3_0_, title0_.publication_year as publicat3_3_0_, title0_.title as title4_3_0_ from title title0_ where title0_.title_id=?
Hibernate: select books0_.title_id as title_id3_0_0_, books0_.book_id as book_id1_0_0_, books0_.book_id as book_id1_0_1_, books0_.status as status2_0_1_, books0_.title_id as title_id3_0_1_ from book books0_ where books0_.title_id=?
Hibernate: delete from title where title_id=?
Hibernate: select next_val as id_val from hibernate_sequence for update
Hibernate: update hibernate_sequence set next_val= ? where next_val=?
Hibernate: insert into title (author, publication_year, title, title_id) values (?, ?, ?, ?)
Hibernate: select next_val as id_val from hibernate_sequence for update
Hibernate: update hibernate_sequence set next_val= ? where next_val=?
Hibernate: insert into book (status, title_id, book_id) values (?, ?, ?)
Hibernate: select next_val as id_val from hibernate_sequence for update
Hibernate: update hibernate_sequence set next_val= ? where next_val=?
Hibernate: insert into book (status, title_id, book_id) values (?, ?, ?)
Hibernate: select book0_.book_id as book_id1_0_, book0_.status as status2_0_, book0_.title_id as title_id3_0_ from book book0_
Hibernate: select title0_.title_id as title_id1_3_0_, title0_.author as author2_3_0_, title0_.publication_year as publicat3_3_0_, title0_.title as title4_3_0_ from title title0_ where title0_.title_id=?
Hibernate: select title0_.title_id as title_id1_3_0_, title0_.author as author2_3_0_, title0_.publication_year as publicat3_3_0_, title0_.title as title4_3_0_ from title title0_ where title0_.title_id=?
Hibernate: select title0_.title_id as title_id1_3_0_, title0_.author as author2_3_0_, title0_.publication_year as publicat3_3_0_, title0_.title as title4_3_0_ from title title0_ where title0_.title_id=?
Hibernate: select title0_.title_id as title_id1_3_0_, title0_.author as author2_3_0_, title0_.publication_year as publicat3_3_0_, title0_.title as title4_3_0_ from title title0_ where title0_.title_id=?
Hibernate: select title0_.title_id as title_id1_3_0_, title0_.author as author2_3_0_, title0_.publication_year as publicat3_3_0_, title0_.title as title4_3_0_ from title title0_ where title0_.title_id=?
Hibernate: select title0_.title_id as title_id1_3_0_, title0_.author as author2_3_0_, title0_.publication_year as publicat3_3_0_, title0_.title as title4_3_0_ from title title0_ where title0_.title_id=?
Hibernate: select title0_.title_id as title_id1_3_0_, title0_.author as author2_3_0_, title0_.publication_year as publicat3_3_0_, title0_.title as title4_3_0_ from title title0_ where title0_.title_id=?
Hibernate: select title0_.title_id as title_id1_3_0_, title0_.author as author2_3_0_, title0_.publication_year as publicat3_3_0_, title0_.title as title4_3_0_ from title title0_ where title0_.title_id=?
Hibernate: select title0_.title_id as title_id1_3_0_, title0_.author as author2_3_0_, title0_.publication_year as publicat3_3_0_, title0_.title as title4_3_0_ from title title0_ where title0_.title_id=?
Hibernate: select title0_.title_id as title_id1_3_0_, title0_.author as author2_3_0_, title0_.publication_year as publicat3_3_0_, title0_.title as title4_3_0_ from title title0_ where title0_.title_id=?
Hibernate: select title0_.title_id as title_id1_3_0_, title0_.author as author2_3_0_, title0_.publication_year as publicat3_3_0_, title0_.title as title4_3_0_ from title title0_ where title0_.title_id=?
Hibernate: select title0_.title_id as title_id1_3_0_, title0_.author as author2_3_0_, title0_.publication_year as publicat3_3_0_, title0_.title as title4_3_0_ from title title0_ where title0_.title_id=?
Hibernate: select title0_.title_id as title_id1_3_0_, title0_.author as author2_3_0_, title0_.publication_year as publicat3_3_0_, title0_.title as title4_3_0_ from title title0_ where title0_.title_id=?
Hibernate: select title0_.title_id as title_id1_3_0_, title0_.author as author2_3_0_, title0_.publication_year as publicat3_3_0_, title0_.title as title4_3_0_ from title title0_ where title0_.title_id=?
Hibernate: select book0_.book_id as book_id1_0_0_, book0_.status as status2_0_0_, book0_.title_id as title_id3_0_0_, title1_.title_id as title_id1_3_1_, title1_.author as author2_3_1_, title1_.publication_year as publicat3_3_1_, title1_.title as title4_3_1_ from book book0_ left outer join title title1_ on book0_.title_id=title1_.title_id where book0_.book_id=?
Hibernate: select hire0_.reader_id as reader_i5_1_0_, hire0_.hire_id as hire_id1_1_0_, hire0_.hire_id as hire_id1_1_1_, hire0_.book_id as book_id4_1_1_, hire0_.reader_id as reader_i5_1_1_, hire0_.rented as rented2_1_1_, hire0_.returned as returned3_1_1_, book1_.book_id as book_id1_0_2_, book1_.status as status2_0_2_, book1_.title_id as title_id3_0_2_, title2_.title_id as title_id1_3_3_, title2_.author as author2_3_3_, title2_.publication_year as publicat3_3_3_, title2_.title as title4_3_3_ from hire hire0_ left outer join book book1_ on hire0_.book_id=book1_.book_id left outer join title title2_ on book1_.title_id=title2_.title_id where hire0_.reader_id=?
Hibernate: delete from book where book_id=?
Hibernate: select book0_.book_id as book_id1_0_0_, book0_.status as status2_0_0_, book0_.title_id as title_id3_0_0_, title1_.title_id as title_id1_3_1_, title1_.author as author2_3_1_, title1_.publication_year as publicat3_3_1_, title1_.title as title4_3_1_ from book book0_ left outer join title title1_ on book0_.title_id=title1_.title_id where book0_.book_id=?
Hibernate: select hire0_.reader_id as reader_i5_1_0_, hire0_.hire_id as hire_id1_1_0_, hire0_.hire_id as hire_id1_1_1_, hire0_.book_id as book_id4_1_1_, hire0_.reader_id as reader_i5_1_1_, hire0_.rented as rented2_1_1_, hire0_.returned as returned3_1_1_, book1_.book_id as book_id1_0_2_, book1_.status as status2_0_2_, book1_.title_id as title_id3_0_2_, title2_.title_id as title_id1_3_3_, title2_.author as author2_3_3_, title2_.publication_year as publicat3_3_3_, title2_.title as title4_3_3_ from hire hire0_ left outer join book book1_ on hire0_.book_id=book1_.book_id left outer join title title2_ on book1_.title_id=title2_.title_id where hire0_.reader_id=?
Hibernate: delete from book where book_id=?
Hibernate: select title0_.title_id as title_id1_3_0_, title0_.author as author2_3_0_, title0_.publication_year as publicat3_3_0_, title0_.title as title4_3_0_ from title title0_ where title0_.title_id=?
Hibernate: select books0_.title_id as title_id3_0_0_, books0_.book_id as book_id1_0_0_, books0_.book_id as book_id1_0_1_, books0_.status as status2_0_1_, books0_.title_id as title_id3_0_1_ from book books0_ where books0_.title_id=?
Hibernate: delete from title where title_id=?
]]></system-out>
  <system-err><![CDATA[]]></system-err>
</testsuite>
