<?xml version="1.0" encoding="UTF-8"?>
<testsuite name="com.kodilla.kodillalibrary.hireTests.H2HireTestSuite" tests="2" skipped="0" failures="0" errors="0" timestamp="2024-03-23T13:45:24" hostname="MICHAL" time="0.017">
  <properties/>
  <testcase name="TestReturnBook()" classname="com.kodilla.kodillalibrary.hireTests.H2HireTestSuite" time="0.009"/>
  <testcase name="TestRentBook()" classname="com.kodilla.kodillalibrary.hireTests.H2HireTestSuite" time="0.007"/>
  <system-out><![CDATA[2024-03-23 14:45:24.809  INFO 22124 --- [    Test worker] .b.t.c.SpringBootTestContextBootstrapper : Neither @ContextConfiguration nor @ContextHierarchy found for test class [com.kodilla.kodillalibrary.hireTests.H2HireTestSuite], using SpringBootContextLoader
2024-03-23 14:45:24.810  INFO 22124 --- [    Test worker] o.s.t.c.support.AbstractContextLoader    : Could not detect default resource locations for test class [com.kodilla.kodillalibrary.hireTests.H2HireTestSuite]: no resource found for suffixes {-context.xml, Context.groovy}.
2024-03-23 14:45:24.810  INFO 22124 --- [    Test worker] t.c.s.AnnotationConfigContextLoaderUtils : Could not detect default configuration classes for test class [com.kodilla.kodillalibrary.hireTests.H2HireTestSuite]: H2HireTestSuite does not declare any static, non-private, non-final, nested classes annotated with @Configuration.
2024-03-23 14:45:24.813  INFO 22124 --- [    Test worker] .b.t.c.SpringBootTestContextBootstrapper : Found @SpringBootConfiguration com.kodilla.kodillalibrary.KodillaLibraryApplication for test class com.kodilla.kodillalibrary.hireTests.H2HireTestSuite
2024-03-23 14:45:24.814  INFO 22124 --- [    Test worker] .b.t.c.SpringBootTestContextBootstrapper : Loaded default TestExecutionListener class names from location [META-INF/spring.factories]: [org.springframework.boot.test.autoconfigure.restdocs.RestDocsTestExecutionListener, org.springframework.boot.test.autoconfigure.web.client.MockRestServiceServerResetTestExecutionListener, org.springframework.boot.test.autoconfigure.web.servlet.MockMvcPrintOnlyOnFailureTestExecutionListener, org.springframework.boot.test.autoconfigure.web.servlet.WebDriverTestExecutionListener, org.springframework.boot.test.autoconfigure.webservices.client.MockWebServiceServerTestExecutionListener, org.springframework.boot.test.mock.mockito.MockitoTestExecutionListener, org.springframework.boot.test.mock.mockito.ResetMocksTestExecutionListener, org.springframework.test.context.web.ServletTestExecutionListener, org.springframework.test.context.support.DirtiesContextBeforeModesTestExecutionListener, org.springframework.test.context.event.ApplicationEventsTestExecutionListener, org.springframework.test.context.support.DependencyInjectionTestExecutionListener, org.springframework.test.context.support.DirtiesContextTestExecutionListener, org.springframework.test.context.transaction.TransactionalTestExecutionListener, org.springframework.test.context.jdbc.SqlScriptsTestExecutionListener, org.springframework.test.context.event.EventPublishingTestExecutionListener]
2024-03-23 14:45:24.815  INFO 22124 --- [    Test worker] .b.t.c.SpringBootTestContextBootstrapper : Using TestExecutionListeners: [org.springframework.test.context.web.ServletTestExecutionListener@5d8c03cc, org.springframework.test.context.support.DirtiesContextBeforeModesTestExecutionListener@4a4979bf, org.springframework.test.context.event.ApplicationEventsTestExecutionListener@539570b8, org.springframework.boot.test.mock.mockito.MockitoTestExecutionListener@6a2d0a19, org.springframework.boot.test.autoconfigure.SpringBootDependencyInjectionTestExecutionListener@5702e6f3, org.springframework.test.context.support.DirtiesContextTestExecutionListener@5687e92d, org.springframework.test.context.transaction.TransactionalTestExecutionListener@2eef43f5, org.springframework.test.context.jdbc.SqlScriptsTestExecutionListener@2c10f9f3, org.springframework.test.context.event.EventPublishingTestExecutionListener@6c65a7fc, org.springframework.boot.test.autoconfigure.restdocs.RestDocsTestExecutionListener@5c2f5dc, org.springframework.boot.test.autoconfigure.web.client.MockRestServiceServerResetTestExecutionListener@5166fe7a, org.springframework.boot.test.autoconfigure.web.servlet.MockMvcPrintOnlyOnFailureTestExecutionListener@7a925ac4, org.springframework.boot.test.autoconfigure.web.servlet.WebDriverTestExecutionListener@3b09582d, org.springframework.boot.test.autoconfigure.webservices.client.MockWebServiceServerTestExecutionListener@29f72685, org.springframework.boot.test.mock.mockito.ResetMocksTestExecutionListener@4f8488ef]
2024-03-23 14:45:24.819  INFO 22124 --- [    Test worker] o.s.t.c.transaction.TransactionContext   : Began transaction (1) for test context [DefaultTestContext@4f5d587c testClass = H2HireTestSuite, testInstance = com.kodilla.kodillalibrary.hireTests.H2HireTestSuite@138a51d5, testMethod = TestReturnBook@H2HireTestSuite, testException = [null], mergedContextConfiguration = [WebMergedContextConfiguration@413a2520 testClass = H2HireTestSuite, locations = '{}', classes = '{class com.kodilla.kodillalibrary.KodillaLibraryApplication}', contextInitializerClasses = '[]', activeProfiles = '{test}', propertySourceLocations = '{}', propertySourceProperties = '{org.springframework.boot.test.context.SpringBootTestContextBootstrapper=true}', contextCustomizers = set[org.springframework.boot.test.autoconfigure.actuate.metrics.MetricsExportContextCustomizerFactory$DisableMetricExportContextCustomizer@5443d039, org.springframework.boot.test.autoconfigure.properties.PropertyMappingContextCustomizer@0, org.springframework.boot.test.autoconfigure.web.servlet.WebDriverContextCustomizerFactory$Customizer@2dcd168a, org.springframework.boot.test.context.filter.ExcludeFilterContextCustomizer@531f4093, org.springframework.boot.test.json.DuplicateJsonObjectContextCustomizerFactory$DuplicateJsonObjectContextCustomizer@74f5ce22, org.springframework.boot.test.mock.mockito.MockitoContextCustomizer@0, org.springframework.boot.test.web.client.TestRestTemplateContextCustomizer@4b1d6571, org.springframework.boot.test.context.SpringBootTestArgs@1, org.springframework.boot.test.context.SpringBootTestWebEnvironment@10163d6], resourceBasePath = 'src/main/webapp', contextLoader = 'org.springframework.boot.test.context.SpringBootContextLoader', parent = [null]], attributes = map['org.springframework.test.context.web.ServletTestExecutionListener.activateListener' -> true, 'org.springframework.test.context.web.ServletTestExecutionListener.populatedRequestContextHolder' -> true, 'org.springframework.test.context.web.ServletTestExecutionListener.resetRequestContextHolder' -> true, 'org.springframework.test.context.event.ApplicationEventsTestExecutionListener.recordApplicationEvents' -> false]]; transaction manager [org.springframework.orm.jpa.JpaTransactionManager@7306836f]; rollback [true]
Hibernate: call next value for hibernate_sequence
Hibernate: call next value for hibernate_sequence
2024-03-23 14:45:24.825  INFO 22124 --- [    Test worker] o.s.t.c.transaction.TransactionContext   : Rolled back transaction for test: [DefaultTestContext@4f5d587c testClass = H2HireTestSuite, testInstance = com.kodilla.kodillalibrary.hireTests.H2HireTestSuite@138a51d5, testMethod = TestReturnBook@H2HireTestSuite, testException = [null], mergedContextConfiguration = [WebMergedContextConfiguration@413a2520 testClass = H2HireTestSuite, locations = '{}', classes = '{class com.kodilla.kodillalibrary.KodillaLibraryApplication}', contextInitializerClasses = '[]', activeProfiles = '{test}', propertySourceLocations = '{}', propertySourceProperties = '{org.springframework.boot.test.context.SpringBootTestContextBootstrapper=true}', contextCustomizers = set[org.springframework.boot.test.autoconfigure.actuate.metrics.MetricsExportContextCustomizerFactory$DisableMetricExportContextCustomizer@5443d039, org.springframework.boot.test.autoconfigure.properties.PropertyMappingContextCustomizer@0, org.springframework.boot.test.autoconfigure.web.servlet.WebDriverContextCustomizerFactory$Customizer@2dcd168a, org.springframework.boot.test.context.filter.ExcludeFilterContextCustomizer@531f4093, org.springframework.boot.test.json.DuplicateJsonObjectContextCustomizerFactory$DuplicateJsonObjectContextCustomizer@74f5ce22, org.springframework.boot.test.mock.mockito.MockitoContextCustomizer@0, org.springframework.boot.test.web.client.TestRestTemplateContextCustomizer@4b1d6571, org.springframework.boot.test.context.SpringBootTestArgs@1, org.springframework.boot.test.context.SpringBootTestWebEnvironment@10163d6], resourceBasePath = 'src/main/webapp', contextLoader = 'org.springframework.boot.test.context.SpringBootContextLoader', parent = [null]], attributes = map['org.springframework.test.context.web.ServletTestExecutionListener.activateListener' -> true, 'org.springframework.test.context.web.ServletTestExecutionListener.populatedRequestContextHolder' -> true, 'org.springframework.test.context.web.ServletTestExecutionListener.resetRequestContextHolder' -> true, 'org.springframework.test.context.event.ApplicationEventsTestExecutionListener.recordApplicationEvents' -> false]]
2024-03-23 14:45:24.826  INFO 22124 --- [    Test worker] o.s.t.c.transaction.TransactionContext   : Began transaction (1) for test context [DefaultTestContext@4f5d587c testClass = H2HireTestSuite, testInstance = com.kodilla.kodillalibrary.hireTests.H2HireTestSuite@88fe9a8, testMethod = TestRentBook@H2HireTestSuite, testException = [null], mergedContextConfiguration = [WebMergedContextConfiguration@413a2520 testClass = H2HireTestSuite, locations = '{}', classes = '{class com.kodilla.kodillalibrary.KodillaLibraryApplication}', contextInitializerClasses = '[]', activeProfiles = '{test}', propertySourceLocations = '{}', propertySourceProperties = '{org.springframework.boot.test.context.SpringBootTestContextBootstrapper=true}', contextCustomizers = set[org.springframework.boot.test.autoconfigure.actuate.metrics.MetricsExportContextCustomizerFactory$DisableMetricExportContextCustomizer@5443d039, org.springframework.boot.test.autoconfigure.properties.PropertyMappingContextCustomizer@0, org.springframework.boot.test.autoconfigure.web.servlet.WebDriverContextCustomizerFactory$Customizer@2dcd168a, org.springframework.boot.test.context.filter.ExcludeFilterContextCustomizer@531f4093, org.springframework.boot.test.json.DuplicateJsonObjectContextCustomizerFactory$DuplicateJsonObjectContextCustomizer@74f5ce22, org.springframework.boot.test.mock.mockito.MockitoContextCustomizer@0, org.springframework.boot.test.web.client.TestRestTemplateContextCustomizer@4b1d6571, org.springframework.boot.test.context.SpringBootTestArgs@1, org.springframework.boot.test.context.SpringBootTestWebEnvironment@10163d6], resourceBasePath = 'src/main/webapp', contextLoader = 'org.springframework.boot.test.context.SpringBootContextLoader', parent = [null]], attributes = map['org.springframework.test.context.web.ServletTestExecutionListener.activateListener' -> true, 'org.springframework.test.context.web.ServletTestExecutionListener.populatedRequestContextHolder' -> true, 'org.springframework.test.context.web.ServletTestExecutionListener.resetRequestContextHolder' -> true, 'org.springframework.test.context.event.ApplicationEventsTestExecutionListener.recordApplicationEvents' -> false]]; transaction manager [org.springframework.orm.jpa.JpaTransactionManager@7306836f]; rollback [true]
Hibernate: call next value for hibernate_sequence
Hibernate: call next value for hibernate_sequence
Hibernate: call next value for hibernate_sequence
2024-03-23 14:45:24.833  INFO 22124 --- [    Test worker] o.s.t.c.transaction.TransactionContext   : Rolled back transaction for test: [DefaultTestContext@4f5d587c testClass = H2HireTestSuite, testInstance = com.kodilla.kodillalibrary.hireTests.H2HireTestSuite@88fe9a8, testMethod = TestRentBook@H2HireTestSuite, testException = [null], mergedContextConfiguration = [WebMergedContextConfiguration@413a2520 testClass = H2HireTestSuite, locations = '{}', classes = '{class com.kodilla.kodillalibrary.KodillaLibraryApplication}', contextInitializerClasses = '[]', activeProfiles = '{test}', propertySourceLocations = '{}', propertySourceProperties = '{org.springframework.boot.test.context.SpringBootTestContextBootstrapper=true}', contextCustomizers = set[org.springframework.boot.test.autoconfigure.actuate.metrics.MetricsExportContextCustomizerFactory$DisableMetricExportContextCustomizer@5443d039, org.springframework.boot.test.autoconfigure.properties.PropertyMappingContextCustomizer@0, org.springframework.boot.test.autoconfigure.web.servlet.WebDriverContextCustomizerFactory$Customizer@2dcd168a, org.springframework.boot.test.context.filter.ExcludeFilterContextCustomizer@531f4093, org.springframework.boot.test.json.DuplicateJsonObjectContextCustomizerFactory$DuplicateJsonObjectContextCustomizer@74f5ce22, org.springframework.boot.test.mock.mockito.MockitoContextCustomizer@0, org.springframework.boot.test.web.client.TestRestTemplateContextCustomizer@4b1d6571, org.springframework.boot.test.context.SpringBootTestArgs@1, org.springframework.boot.test.context.SpringBootTestWebEnvironment@10163d6], resourceBasePath = 'src/main/webapp', contextLoader = 'org.springframework.boot.test.context.SpringBootContextLoader', parent = [null]], attributes = map['org.springframework.test.context.web.ServletTestExecutionListener.activateListener' -> true, 'org.springframework.test.context.web.ServletTestExecutionListener.populatedRequestContextHolder' -> true, 'org.springframework.test.context.web.ServletTestExecutionListener.resetRequestContextHolder' -> true, 'org.springframework.test.context.event.ApplicationEventsTestExecutionListener.recordApplicationEvents' -> false]]
]]></system-out>
  <system-err><![CDATA[]]></system-err>
</testsuite>
